{"C:/wamp/www/sgn/sgn-bot/app/TeamChannel.js": {"path":"C:/wamp/www/sgn/sgn-bot/app/TeamChannel.js","statementMap":{"0":{"start":{"line":1,"column":47},"end":{"line":1,"column":68}},"1":{"start":{"line":6,"column":8},"end":{"line":6,"column":31}},"2":{"start":{"line":10,"column":28},"end":{"line":10,"column":90}},"3":{"start":{"line":11,"column":8},"end":{"line":11,"column":67}},"4":{"start":{"line":15,"column":8},"end":{"line":15,"column":109}},"5":{"start":{"line":16,"column":8},"end":{"line":16,"column":32}},"6":{"start":{"line":20,"column":8},"end":{"line":20,"column":106}},"7":{"start":{"line":21,"column":8},"end":{"line":21,"column":32}},"8":{"start":{"line":25,"column":8},"end":{"line":25,"column":83}},"9":{"start":{"line":29,"column":8},"end":{"line":31,"column":9}},"10":{"start":{"line":30,"column":12},"end":{"line":30,"column":32}},"11":{"start":{"line":33,"column":8},"end":{"line":33,"column":35}},"12":{"start":{"line":35,"column":28},"end":{"line":35,"column":67}},"13":{"start":{"line":36,"column":25},"end":{"line":36,"column":27}},"14":{"start":{"line":38,"column":8},"end":{"line":43,"column":11}},"15":{"start":{"line":39,"column":12},"end":{"line":42,"column":13}},"16":{"start":{"line":40,"column":16},"end":{"line":40,"column":56}},"17":{"start":{"line":41,"column":16},"end":{"line":41,"column":71}},"18":{"start":{"line":45,"column":8},"end":{"line":45,"column":36}},"19":{"start":{"line":49,"column":8},"end":{"line":51,"column":9}},"20":{"start":{"line":50,"column":12},"end":{"line":50,"column":24}},"21":{"start":{"line":53,"column":27},"end":{"line":53,"column":69}},"22":{"start":{"line":54,"column":22},"end":{"line":54,"column":46}},"23":{"start":{"line":55,"column":22},"end":{"line":55,"column":57}},"24":{"start":{"line":57,"column":8},"end":{"line":57,"column":28}},"25":{"start":{"line":61,"column":22},"end":{"line":61,"column":44}},"26":{"start":{"line":62,"column":8},"end":{"line":62,"column":34}},"27":{"start":{"line":63,"column":8},"end":{"line":63,"column":24}},"28":{"start":{"line":65,"column":25},"end":{"line":65,"column":90}},"29":{"start":{"line":67,"column":22},"end":{"line":67,"column":52}},"30":{"start":{"line":68,"column":8},"end":{"line":68,"column":77}},"31":{"start":{"line":70,"column":8},"end":{"line":70,"column":40}},"32":{"start":{"line":75,"column":25},"end":{"line":75,"column":90}},"33":{"start":{"line":76,"column":22},"end":{"line":76,"column":40}},"34":{"start":{"line":77,"column":24},"end":{"line":77,"column":50}},"35":{"start":{"line":79,"column":8},"end":{"line":79,"column":38}},"36":{"start":{"line":83,"column":0},"end":{"line":83,"column":null}}},"fnMap":{"0":{"name":"(anonymous_0)","decl":{"start":{"line":5,"column":4},"end":{"line":5,"column":5}},"loc":{"start":{"line":5,"column":25},"end":{"line":7,"column":5}}},"1":{"name":"(anonymous_1)","decl":{"start":{"line":9,"column":4},"end":{"line":9,"column":5}},"loc":{"start":{"line":9,"column":15},"end":{"line":12,"column":5}}},"2":{"name":"(anonymous_2)","decl":{"start":{"line":14,"column":4},"end":{"line":14,"column":5}},"loc":{"start":{"line":14,"column":17},"end":{"line":17,"column":5}}},"3":{"name":"(anonymous_3)","decl":{"start":{"line":19,"column":4},"end":{"line":19,"column":5}},"loc":{"start":{"line":19,"column":19},"end":{"line":22,"column":5}}},"4":{"name":"(anonymous_4)","decl":{"start":{"line":24,"column":4},"end":{"line":24,"column":5}},"loc":{"start":{"line":24,"column":19},"end":{"line":26,"column":5}}},"5":{"name":"(anonymous_5)","decl":{"start":{"line":28,"column":4},"end":{"line":28,"column":5}},"loc":{"start":{"line":28,"column":18},"end":{"line":46,"column":5}}},"6":{"name":"(anonymous_6)","decl":{"start":{"line":38,"column":25},"end":{"line":38,"column":26}},"loc":{"start":{"line":38,"column":47},"end":{"line":43,"column":9}}},"7":{"name":"(anonymous_7)","decl":{"start":{"line":48,"column":4},"end":{"line":48,"column":5}},"loc":{"start":{"line":48,"column":14},"end":{"line":58,"column":5}}},"8":{"name":"(anonymous_8)","decl":{"start":{"line":60,"column":4},"end":{"line":60,"column":5}},"loc":{"start":{"line":60,"column":23},"end":{"line":71,"column":5}}},"9":{"name":"(anonymous_9)","decl":{"start":{"line":74,"column":4},"end":{"line":74,"column":5}},"loc":{"start":{"line":74,"column":23},"end":{"line":80,"column":5}}}},"branchMap":{"0":{"loc":{"start":{"line":29,"column":8},"end":{"line":31,"column":9}},"type":"if","locations":[{"start":{"line":29,"column":8},"end":{"line":31,"column":9}},{"start":{"line":29,"column":8},"end":{"line":31,"column":9}}]},"1":{"loc":{"start":{"line":39,"column":12},"end":{"line":42,"column":13}},"type":"if","locations":[{"start":{"line":39,"column":12},"end":{"line":42,"column":13}},{"start":{"line":39,"column":12},"end":{"line":42,"column":13}}]},"2":{"loc":{"start":{"line":49,"column":8},"end":{"line":51,"column":9}},"type":"if","locations":[{"start":{"line":49,"column":8},"end":{"line":51,"column":9}},{"start":{"line":49,"column":8},"end":{"line":51,"column":9}}]},"3":{"loc":{"start":{"line":68,"column":18},"end":{"line":68,"column":76}},"type":"cond-expr","locations":[{"start":{"line":68,"column":41},"end":{"line":68,"column":66}},{"start":{"line":68,"column":69},"end":{"line":68,"column":76}}]}},"s":{"0":1,"1":7,"2":8,"3":8,"4":1,"5":1,"6":2,"7":2,"8":1,"9":1,"10":1,"11":1,"12":1,"13":1,"14":1,"15":2,"16":1,"17":1,"18":1,"19":5,"20":1,"21":4,"22":4,"23":4,"24":4,"25":5,"26":5,"27":5,"28":5,"29":5,"30":5,"31":5,"32":3,"33":3,"34":3,"35":3,"36":1},"f":{"0":7,"1":8,"2":1,"3":2,"4":1,"5":1,"6":2,"7":5,"8":5,"9":3},"b":{"0":[1,0],"1":[1,1],"2":[1,4],"3":[0,5]}}
,"C:/wamp/www/sgn/sgn-bot/app/client.js": {"path":"C:/wamp/www/sgn/sgn-bot/app/client.js","statementMap":{"0":{"start":{"line":2,"column":56},"end":{"line":2,"column":77}},"1":{"start":{"line":4,"column":15},"end":{"line":14,"column":8}},"2":{"start":{"line":16,"column":0},"end":{"line":16,"column":40}},"3":{"start":{"line":18,"column":0},"end":{"line":18,"column":null}}},"fnMap":{},"branchMap":{},"s":{"0":3,"1":3,"2":3,"3":3},"f":{},"b":{}}
,"C:/wamp/www/sgn/sgn-bot/app/mysql.js": {"path":"C:/wamp/www/sgn/sgn-bot/app/mysql.js","statementMap":{"0":{"start":{"line":2,"column":14},"end":{"line":2,"column":39}},"1":{"start":{"line":6,"column":13},"end":{"line":16,"column":2}},"2":{"start":{"line":18,"column":16},"end":{"line":27,"column":2}},"3":{"start":{"line":29,"column":0},"end":{"line":29,"column":33}}},"fnMap":{},"branchMap":{},"s":{"0":1,"1":1,"2":1,"3":1},"f":{},"b":{}}
,"C:/wamp/www/sgn/sgn-bot/app/commands/edit.js": {"path":"C:/wamp/www/sgn/sgn-bot/app/commands/edit.js","statementMap":{"0":{"start":{"line":1,"column":128},"end":{"line":1,"column":149}},"1":{"start":{"line":4,"column":0},"end":{"line":66,"column":null}},"2":{"start":{"line":9,"column":24},"end":{"line":9,"column":49}},"3":{"start":{"line":13,"column":8},"end":{"line":16,"column":9}},"4":{"start":{"line":14,"column":12},"end":{"line":14,"column":43}},"5":{"start":{"line":15,"column":12},"end":{"line":15,"column":30}},"6":{"start":{"line":18,"column":22},"end":{"line":20,"column":37}},"7":{"start":{"line":22,"column":26},"end":{"line":28,"column":31}},"8":{"start":{"line":30,"column":27},"end":{"line":34,"column":31}},"9":{"start":{"line":36,"column":8},"end":{"line":39,"column":9}},"10":{"start":{"line":37,"column":12},"end":{"line":37,"column":66}},"11":{"start":{"line":38,"column":12},"end":{"line":38,"column":55}},"12":{"start":{"line":41,"column":24},"end":{"line":41,"column":71}},"13":{"start":{"line":42,"column":25},"end":{"line":42,"column":73}},"14":{"start":{"line":44,"column":8},"end":{"line":44,"column":61}},"15":{"start":{"line":46,"column":23},"end":{"line":46,"column":96}},"16":{"start":{"line":46,"column":40},"end":{"line":46,"column":96}},"17":{"start":{"line":46,"column":55},"end":{"line":46,"column":96}},"18":{"start":{"line":48,"column":8},"end":{"line":62,"column":34}},"19":{"start":{"line":50,"column":32},"end":{"line":50,"column":34}},"20":{"start":{"line":51,"column":29},"end":{"line":51,"column":78}},"21":{"start":{"line":52,"column":30},"end":{"line":52,"column":80}},"22":{"start":{"line":54,"column":16},"end":{"line":54,"column":51}},"23":{"start":{"line":56,"column":16},"end":{"line":56,"column":66}},"24":{"start":{"line":58,"column":16},"end":{"line":60,"column":177}},"25":{"start":{"line":59,"column":32},"end":{"line":59,"column":97}},"26":{"start":{"line":60,"column":32},"end":{"line":60,"column":174}},"27":{"start":{"line":64,"column":8},"end":{"line":64,"column":37}}},"fnMap":{"0":{"name":"(anonymous_0)","decl":{"start":{"line":8,"column":4},"end":{"line":8,"column":5}},"loc":{"start":{"line":8,"column":31},"end":{"line":65,"column":5}}},"1":{"name":"(anonymous_1)","decl":{"start":{"line":46,"column":23},"end":{"line":46,"column":24}},"loc":{"start":{"line":46,"column":40},"end":{"line":46,"column":96}}},"2":{"name":"(anonymous_2)","decl":{"start":{"line":46,"column":40},"end":{"line":46,"column":41}},"loc":{"start":{"line":46,"column":55},"end":{"line":46,"column":96}}},"3":{"name":"(anonymous_3)","decl":{"start":{"line":49,"column":18},"end":{"line":49,"column":19}},"loc":{"start":{"line":49,"column":33},"end":{"line":61,"column":13}}},"4":{"name":"(anonymous_4)","decl":{"start":{"line":59,"column":26},"end":{"line":59,"column":27}},"loc":{"start":{"line":59,"column":32},"end":{"line":59,"column":97}}},"5":{"name":"(anonymous_5)","decl":{"start":{"line":60,"column":27},"end":{"line":60,"column":28}},"loc":{"start":{"line":60,"column":32},"end":{"line":60,"column":174}}}},"branchMap":{"0":{"loc":{"start":{"line":13,"column":8},"end":{"line":16,"column":9}},"type":"if","locations":[{"start":{"line":13,"column":8},"end":{"line":16,"column":9}},{"start":{"line":13,"column":8},"end":{"line":16,"column":9}}]},"1":{"loc":{"start":{"line":36,"column":8},"end":{"line":39,"column":9}},"type":"if","locations":[{"start":{"line":36,"column":8},"end":{"line":39,"column":9}},{"start":{"line":36,"column":8},"end":{"line":39,"column":9}}]},"2":{"loc":{"start":{"line":54,"column":34},"end":{"line":54,"column":50}},"type":"cond-expr","locations":[{"start":{"line":54,"column":41},"end":{"line":54,"column":45}},{"start":{"line":54,"column":48},"end":{"line":54,"column":50}}]},"3":{"loc":{"start":{"line":56,"column":33},"end":{"line":56,"column":65}},"type":"cond-expr","locations":[{"start":{"line":56,"column":41},"end":{"line":56,"column":60}},{"start":{"line":56,"column":63},"end":{"line":56,"column":65}}]}},"s":{"0":1,"1":1,"2":0,"3":0,"4":0,"5":0,"6":0,"7":0,"8":0,"9":0,"10":0,"11":0,"12":0,"13":0,"14":0,"15":0,"16":0,"17":0,"18":0,"19":0,"20":0,"21":0,"22":0,"23":0,"24":0,"25":0,"26":0,"27":0},"f":{"0":0,"1":0,"2":0,"3":0,"4":0,"5":0},"b":{"0":[0,0],"1":[0,0],"2":[0,0],"3":[0,0]}}
,"C:/wamp/www/sgn/sgn-bot/app/commands/hello.js": {"path":"C:/wamp/www/sgn/sgn-bot/app/commands/hello.js","statementMap":{"0":{"start":{"line":1,"column":32},"end":{"line":1,"column":53}},"1":{"start":{"line":3,"column":0},"end":{"line":10,"column":2}},"2":{"start":{"line":8,"column":2},"end":{"line":8,"column":68}}},"fnMap":{"0":{"name":"(anonymous_0)","decl":{"start":{"line":7,"column":1},"end":{"line":7,"column":2}},"loc":{"start":{"line":7,"column":28},"end":{"line":9,"column":2}}}},"branchMap":{},"s":{"0":1,"1":1,"2":1},"f":{"0":1},"b":{}}
,"C:/wamp/www/sgn/sgn-bot/app/commands/iamnick.js": {"path":"C:/wamp/www/sgn/sgn-bot/app/commands/iamnick.js","statementMap":{"0":{"start":{"line":1,"column":32},"end":{"line":1,"column":53}},"1":{"start":{"line":3,"column":0},"end":{"line":17,"column":2}},"2":{"start":{"line":9,"column":8},"end":{"line":15,"column":3}},"3":{"start":{"line":10,"column":3},"end":{"line":10,"column":43}},"4":{"start":{"line":11,"column":9},"end":{"line":15,"column":3}},"5":{"start":{"line":12,"column":3},"end":{"line":12,"column":50}},"6":{"start":{"line":14,"column":3},"end":{"line":14,"column":62}}},"fnMap":{"0":{"name":"(anonymous_0)","decl":{"start":{"line":7,"column":1},"end":{"line":7,"column":2}},"loc":{"start":{"line":7,"column":28},"end":{"line":16,"column":2}}}},"branchMap":{"0":{"loc":{"start":{"line":9,"column":8},"end":{"line":15,"column":3}},"type":"if","locations":[{"start":{"line":9,"column":8},"end":{"line":15,"column":3}},{"start":{"line":11,"column":9},"end":{"line":15,"column":3}}]},"1":{"loc":{"start":{"line":11,"column":9},"end":{"line":15,"column":3}},"type":"if","locations":[{"start":{"line":11,"column":9},"end":{"line":15,"column":3}},{"start":{"line":13,"column":9},"end":{"line":15,"column":3}}]}},"s":{"0":1,"1":1,"2":3,"3":1,"4":2,"5":1,"6":1},"f":{"0":3},"b":{"0":[1,2],"1":[1,1]}}
,"C:/wamp/www/sgn/sgn-bot/app/commands/officer.js": {"path":"C:/wamp/www/sgn/sgn-bot/app/commands/officer.js","statementMap":{"0":{"start":{"line":1,"column":75},"end":{"line":1,"column":96}},"1":{"start":{"line":3,"column":0},"end":{"line":25,"column":2}},"2":{"start":{"line":10,"column":23},"end":{"line":10,"column":47}},"3":{"start":{"line":11,"column":24},"end":{"line":11,"column":51}},"4":{"start":{"line":13,"column":8},"end":{"line":23,"column":9}},"5":{"start":{"line":14,"column":12},"end":{"line":17,"column":14}},"6":{"start":{"line":19,"column":12},"end":{"line":22,"column":14}}},"fnMap":{"0":{"name":"(anonymous_0)","decl":{"start":{"line":9,"column":1},"end":{"line":9,"column":2}},"loc":{"start":{"line":9,"column":28},"end":{"line":24,"column":2}}}},"branchMap":{"0":{"loc":{"start":{"line":13,"column":8},"end":{"line":23,"column":9}},"type":"if","locations":[{"start":{"line":13,"column":8},"end":{"line":23,"column":9}},{"start":{"line":18,"column":15},"end":{"line":23,"column":9}}]}},"s":{"0":1,"1":1,"2":2,"3":2,"4":2,"5":1,"6":1},"f":{"0":2},"b":{"0":[1,1]}}
,"C:/wamp/www/sgn/sgn-bot/app/commands/post.js": {"path":"C:/wamp/www/sgn/sgn-bot/app/commands/post.js","statementMap":{"0":{"start":{"line":1,"column":66},"end":{"line":1,"column":87}},"1":{"start":{"line":3,"column":0},"end":{"line":58,"column":null}},"2":{"start":{"line":8,"column":12},"end":{"line":11,"column":34}},"3":{"start":{"line":14,"column":12},"end":{"line":16,"column":35}},"4":{"start":{"line":19,"column":12},"end":{"line":20,"column":61}},"5":{"start":{"line":23,"column":12},"end":{"line":24,"column":75}},"6":{"start":{"line":28,"column":8},"end":{"line":28,"column":33}},"7":{"start":{"line":30,"column":24},"end":{"line":30,"column":65}},"8":{"start":{"line":31,"column":21},"end":{"line":31,"column":58}},"9":{"start":{"line":32,"column":27},"end":{"line":32,"column":74}},"10":{"start":{"line":33,"column":22},"end":{"line":33,"column":60}},"11":{"start":{"line":34,"column":8},"end":{"line":34,"column":64}},"12":{"start":{"line":35,"column":8},"end":{"line":35,"column":40}},"13":{"start":{"line":36,"column":22},"end":{"line":36,"column":24}},"14":{"start":{"line":38,"column":8},"end":{"line":40,"column":9}},"15":{"start":{"line":39,"column":12},"end":{"line":39,"column":41}},"16":{"start":{"line":42,"column":8},"end":{"line":44,"column":9}},"17":{"start":{"line":43,"column":12},"end":{"line":43,"column":35}},"18":{"start":{"line":46,"column":8},"end":{"line":48,"column":9}},"19":{"start":{"line":47,"column":12},"end":{"line":47,"column":49}},"20":{"start":{"line":50,"column":8},"end":{"line":52,"column":9}},"21":{"start":{"line":51,"column":12},"end":{"line":51,"column":54}},"22":{"start":{"line":54,"column":8},"end":{"line":54,"column":30}},"23":{"start":{"line":56,"column":8},"end":{"line":56,"column":74}}},"fnMap":{"0":{"name":"(anonymous_0)","decl":{"start":{"line":7,"column":26},"end":{"line":7,"column":27}},"loc":{"start":{"line":8,"column":12},"end":{"line":11,"column":34}}},"1":{"name":"(anonymous_1)","decl":{"start":{"line":13,"column":25},"end":{"line":13,"column":26}},"loc":{"start":{"line":14,"column":12},"end":{"line":16,"column":35}}},"2":{"name":"(anonymous_2)","decl":{"start":{"line":18,"column":29},"end":{"line":18,"column":30}},"loc":{"start":{"line":19,"column":12},"end":{"line":20,"column":61}}},"3":{"name":"(anonymous_3)","decl":{"start":{"line":22,"column":25},"end":{"line":22,"column":26}},"loc":{"start":{"line":23,"column":12},"end":{"line":24,"column":75}}},"4":{"name":"(anonymous_4)","decl":{"start":{"line":27,"column":4},"end":{"line":27,"column":5}},"loc":{"start":{"line":27,"column":31},"end":{"line":57,"column":5}}}},"branchMap":{"0":{"loc":{"start":{"line":38,"column":8},"end":{"line":40,"column":9}},"type":"if","locations":[{"start":{"line":38,"column":8},"end":{"line":40,"column":9}},{"start":{"line":38,"column":8},"end":{"line":40,"column":9}}]},"1":{"loc":{"start":{"line":42,"column":8},"end":{"line":44,"column":9}},"type":"if","locations":[{"start":{"line":42,"column":8},"end":{"line":44,"column":9}},{"start":{"line":42,"column":8},"end":{"line":44,"column":9}}]},"2":{"loc":{"start":{"line":46,"column":8},"end":{"line":48,"column":9}},"type":"if","locations":[{"start":{"line":46,"column":8},"end":{"line":48,"column":9}},{"start":{"line":46,"column":8},"end":{"line":48,"column":9}}]},"3":{"loc":{"start":{"line":50,"column":8},"end":{"line":52,"column":9}},"type":"if","locations":[{"start":{"line":50,"column":8},"end":{"line":52,"column":9}},{"start":{"line":50,"column":8},"end":{"line":52,"column":9}}]},"4":{"loc":{"start":{"line":50,"column":11},"end":{"line":50,"column":41}},"type":"binary-expr","locations":[{"start":{"line":50,"column":11},"end":{"line":50,"column":16}},{"start":{"line":50,"column":20},"end":{"line":50,"column":31}},{"start":{"line":50,"column":35},"end":{"line":50,"column":41}}]}},"s":{"0":1,"1":1,"2":1,"3":1,"4":1,"5":1,"6":1,"7":1,"8":1,"9":1,"10":1,"11":1,"12":1,"13":1,"14":1,"15":0,"16":1,"17":1,"18":1,"19":0,"20":1,"21":0,"22":1,"23":1},"f":{"0":1,"1":1,"2":1,"3":1,"4":1},"b":{"0":[0,1],"1":[1,0],"2":[0,1],"3":[0,1],"4":[1,0,0]}}
,"C:/wamp/www/sgn/sgn-bot/app/events/guildMemberAdd.js": {"path":"C:/wamp/www/sgn/sgn-bot/app/events/guildMemberAdd.js","statementMap":{"0":{"start":{"line":1,"column":19},"end":{"line":1,"column":40}},"1":{"start":{"line":2,"column":20},"end":{"line":2,"column":52}},"2":{"start":{"line":4,"column":0},"end":{"line":9,"column":null}},"3":{"start":{"line":7,"column":8},"end":{"line":7,"column":48}}},"fnMap":{"0":{"name":"(anonymous_0)","decl":{"start":{"line":6,"column":4},"end":{"line":6,"column":5}},"loc":{"start":{"line":6,"column":31},"end":{"line":8,"column":5}}}},"branchMap":{},"s":{"0":1,"1":1,"2":1,"3":0},"f":{"0":0},"b":{}}
,"C:/wamp/www/sgn/sgn-bot/app/events/voiceStateUpdate.js": {"path":"C:/wamp/www/sgn/sgn-bot/app/events/voiceStateUpdate.js","statementMap":{"0":{"start":{"line":1,"column":19},"end":{"line":1,"column":40}},"1":{"start":{"line":3,"column":0},"end":{"line":40,"column":2}},"2":{"start":{"line":6,"column":27},"end":{"line":6,"column":69}},"3":{"start":{"line":7,"column":22},"end":{"line":7,"column":46}},"4":{"start":{"line":8,"column":22},"end":{"line":8,"column":44}},"5":{"start":{"line":11,"column":8},"end":{"line":25,"column":9}},"6":{"start":{"line":12,"column":25},"end":{"line":12,"column":98}},"7":{"start":{"line":12,"column":78},"end":{"line":12,"column":97}},"8":{"start":{"line":13,"column":31},"end":{"line":13,"column":88}},"9":{"start":{"line":15,"column":12},"end":{"line":24,"column":13}},"10":{"start":{"line":16,"column":30},"end":{"line":16,"column":68}},"11":{"start":{"line":17,"column":16},"end":{"line":17,"column":40}},"12":{"start":{"line":18,"column":16},"end":{"line":18,"column":37}},"13":{"start":{"line":20,"column":27},"end":{"line":20,"column":57}},"14":{"start":{"line":21,"column":16},"end":{"line":21,"column":73}},"15":{"start":{"line":23,"column":16},"end":{"line":23,"column":54}},"16":{"start":{"line":28,"column":8},"end":{"line":38,"column":9}},"17":{"start":{"line":29,"column":31},"end":{"line":29,"column":88}},"18":{"start":{"line":31,"column":12},"end":{"line":37,"column":13}},"19":{"start":{"line":32,"column":30},"end":{"line":32,"column":68}},"20":{"start":{"line":33,"column":16},"end":{"line":33,"column":40}},"21":{"start":{"line":34,"column":16},"end":{"line":34,"column":35}},"22":{"start":{"line":36,"column":16},"end":{"line":36,"column":74}}},"fnMap":{"0":{"name":"(anonymous_0)","decl":{"start":{"line":5,"column":1},"end":{"line":5,"column":2}},"loc":{"start":{"line":5,"column":35},"end":{"line":39,"column":2}}},"1":{"name":"(anonymous_1)","decl":{"start":{"line":12,"column":66},"end":{"line":12,"column":67}},"loc":{"start":{"line":12,"column":78},"end":{"line":12,"column":97}}}},"branchMap":{"0":{"loc":{"start":{"line":11,"column":8},"end":{"line":25,"column":9}},"type":"if","locations":[{"start":{"line":11,"column":8},"end":{"line":25,"column":9}},{"start":{"line":11,"column":8},"end":{"line":25,"column":9}}]},"1":{"loc":{"start":{"line":11,"column":11},"end":{"line":11,"column":72}},"type":"binary-expr","locations":[{"start":{"line":11,"column":11},"end":{"line":11,"column":29}},{"start":{"line":11,"column":33},"end":{"line":11,"column":72}}]},"2":{"loc":{"start":{"line":15,"column":12},"end":{"line":24,"column":13}},"type":"if","locations":[{"start":{"line":15,"column":12},"end":{"line":24,"column":13}},{"start":{"line":15,"column":12},"end":{"line":24,"column":13}}]},"3":{"loc":{"start":{"line":15,"column":15},"end":{"line":15,"column":77}},"type":"binary-expr","locations":[{"start":{"line":15,"column":15},"end":{"line":15,"column":19}},{"start":{"line":15,"column":23},"end":{"line":15,"column":77}}]},"4":{"loc":{"start":{"line":21,"column":23},"end":{"line":21,"column":72}},"type":"cond-expr","locations":[{"start":{"line":21,"column":43},"end":{"line":21,"column":65}},{"start":{"line":21,"column":68},"end":{"line":21,"column":72}}]},"5":{"loc":{"start":{"line":28,"column":8},"end":{"line":38,"column":9}},"type":"if","locations":[{"start":{"line":28,"column":8},"end":{"line":38,"column":9}},{"start":{"line":28,"column":8},"end":{"line":38,"column":9}}]},"6":{"loc":{"start":{"line":28,"column":11},"end":{"line":28,"column":72}},"type":"binary-expr","locations":[{"start":{"line":28,"column":11},"end":{"line":28,"column":29}},{"start":{"line":28,"column":33},"end":{"line":28,"column":72}}]},"7":{"loc":{"start":{"line":31,"column":12},"end":{"line":37,"column":13}},"type":"if","locations":[{"start":{"line":31,"column":12},"end":{"line":37,"column":13}},{"start":{"line":31,"column":12},"end":{"line":37,"column":13}}]}},"s":{"0":1,"1":1,"2":5,"3":5,"4":5,"5":5,"6":3,"7":2,"8":3,"9":3,"10":2,"11":2,"12":2,"13":2,"14":2,"15":2,"16":5,"17":2,"18":2,"19":1,"20":1,"21":1,"22":1},"f":{"0":5,"1":2},"b":{"0":[3,2],"1":[5,3],"2":[2,1],"3":[3,2],"4":[1,1],"5":[2,3],"6":[5,2],"7":[1,1]}}
,"C:/wamp/www/sgn/sgn-bot/app/models/DiscordUser.js": {"path":"C:/wamp/www/sgn/sgn-bot/app/models/DiscordUser.js","statementMap":{"0":{"start":{"line":1,"column":17},"end":{"line":1,"column":36}},"1":{"start":{"line":5,"column":23},"end":{"line":5,"column":98}},"2":{"start":{"line":6,"column":16},"end":{"line":6,"column":20}},"3":{"start":{"line":9,"column":8},"end":{"line":9,"column":25}},"4":{"start":{"line":13,"column":28},"end":{"line":13,"column":45}},"5":{"start":{"line":27,"column":8},"end":{"line":27,"column":41}},"6":{"start":{"line":29,"column":8},"end":{"line":29,"column":27}},"7":{"start":{"line":33,"column":8},"end":{"line":44,"column":9}},"8":{"start":{"line":48,"column":26},"end":{"line":48,"column":70}},"9":{"start":{"line":50,"column":8},"end":{"line":53,"column":9}},"10":{"start":{"line":51,"column":12},"end":{"line":51,"column":67}},"11":{"start":{"line":52,"column":12},"end":{"line":52,"column":33}},"12":{"start":{"line":55,"column":8},"end":{"line":55,"column":27}},"13":{"start":{"line":59,"column":26},"end":{"line":59,"column":70}},"14":{"start":{"line":61,"column":8},"end":{"line":65,"column":9}},"15":{"start":{"line":62,"column":12},"end":{"line":62,"column":67}},"16":{"start":{"line":64,"column":12},"end":{"line":64,"column":45}},"17":{"start":{"line":67,"column":8},"end":{"line":67,"column":27}},"18":{"start":{"line":69,"column":8},"end":{"line":69,"column":27}},"19":{"start":{"line":73,"column":20},"end":{"line":73,"column":83}},"20":{"start":{"line":75,"column":24},"end":{"line":75,"column":67}},"21":{"start":{"line":77,"column":8},"end":{"line":77,"column":66}},"22":{"start":{"line":81,"column":8},"end":{"line":81,"column":60}},"23":{"start":{"line":85,"column":18},"end":{"line":85,"column":62}},"24":{"start":{"line":86,"column":8},"end":{"line":86,"column":61}},"25":{"start":{"line":87,"column":8},"end":{"line":87,"column":97}},"26":{"start":{"line":89,"column":23},"end":{"line":89,"column":47}},"27":{"start":{"line":90,"column":26},"end":{"line":90,"column":67}},"28":{"start":{"line":91,"column":8},"end":{"line":91,"column":34}},"29":{"start":{"line":93,"column":8},"end":{"line":93,"column":22}},"30":{"start":{"line":97,"column":23},"end":{"line":99,"column":10}},"31":{"start":{"line":97,"column":58},"end":{"line":97,"column":67}},"32":{"start":{"line":98,"column":12},"end":{"line":98,"column":32}},"33":{"start":{"line":101,"column":20},"end":{"line":103,"column":48}},"34":{"start":{"line":105,"column":23},"end":{"line":107,"column":10}},"35":{"start":{"line":105,"column":61},"end":{"line":105,"column":73}},"36":{"start":{"line":106,"column":12},"end":{"line":106,"column":25}},"37":{"start":{"line":109,"column":26},"end":{"line":109,"column":67}},"38":{"start":{"line":111,"column":8},"end":{"line":111,"column":23}},"39":{"start":{"line":115,"column":20},"end":{"line":117,"column":32}},"40":{"start":{"line":119,"column":8},"end":{"line":119,"column":97}},"41":{"start":{"line":124,"column":0},"end":{"line":124,"column":29}}},"fnMap":{"0":{"name":"(anonymous_0)","decl":{"start":{"line":8,"column":4},"end":{"line":8,"column":5}},"loc":{"start":{"line":8,"column":27},"end":{"line":10,"column":5}}},"1":{"name":"(anonymous_1)","decl":{"start":{"line":12,"column":4},"end":{"line":12,"column":5}},"loc":{"start":{"line":12,"column":40},"end":{"line":30,"column":5}}},"2":{"name":"(anonymous_2)","decl":{"start":{"line":32,"column":4},"end":{"line":32,"column":5}},"loc":{"start":{"line":32,"column":25},"end":{"line":45,"column":5}}},"3":{"name":"(anonymous_3)","decl":{"start":{"line":47,"column":4},"end":{"line":47,"column":5}},"loc":{"start":{"line":47,"column":43},"end":{"line":56,"column":5}}},"4":{"name":"(anonymous_4)","decl":{"start":{"line":58,"column":4},"end":{"line":58,"column":5}},"loc":{"start":{"line":58,"column":45},"end":{"line":70,"column":5}}},"5":{"name":"(anonymous_5)","decl":{"start":{"line":72,"column":4},"end":{"line":72,"column":5}},"loc":{"start":{"line":72,"column":38},"end":{"line":78,"column":5}}},"6":{"name":"(anonymous_6)","decl":{"start":{"line":80,"column":4},"end":{"line":80,"column":5}},"loc":{"start":{"line":80,"column":17},"end":{"line":82,"column":5}}},"7":{"name":"(anonymous_7)","decl":{"start":{"line":84,"column":4},"end":{"line":84,"column":5}},"loc":{"start":{"line":84,"column":19},"end":{"line":94,"column":5}}},"8":{"name":"(anonymous_8)","decl":{"start":{"line":96,"column":4},"end":{"line":96,"column":5}},"loc":{"start":{"line":96,"column":19},"end":{"line":112,"column":5}}},"9":{"name":"(anonymous_9)","decl":{"start":{"line":97,"column":53},"end":{"line":97,"column":54}},"loc":{"start":{"line":97,"column":58},"end":{"line":97,"column":67}}},"10":{"name":"(anonymous_10)","decl":{"start":{"line":97,"column":73},"end":{"line":97,"column":74}},"loc":{"start":{"line":97,"column":82},"end":{"line":99,"column":9}}},"11":{"name":"(anonymous_11)","decl":{"start":{"line":105,"column":56},"end":{"line":105,"column":57}},"loc":{"start":{"line":105,"column":61},"end":{"line":105,"column":73}}},"12":{"name":"(anonymous_12)","decl":{"start":{"line":105,"column":79},"end":{"line":105,"column":80}},"loc":{"start":{"line":105,"column":97},"end":{"line":107,"column":9}}},"13":{"name":"(anonymous_13)","decl":{"start":{"line":114,"column":4},"end":{"line":114,"column":5}},"loc":{"start":{"line":114,"column":24},"end":{"line":120,"column":5}}}},"branchMap":{"0":{"loc":{"start":{"line":8,"column":16},"end":{"line":8,"column":25}},"type":"default-arg","locations":[{"start":{"line":8,"column":23},"end":{"line":8,"column":25}}]},"1":{"loc":{"start":{"line":41,"column":22},"end":{"line":41,"column":92}},"type":"cond-expr","locations":[{"start":{"line":41,"column":53},"end":{"line":41,"column":80}},{"start":{"line":41,"column":83},"end":{"line":41,"column":92}}]},"2":{"loc":{"start":{"line":50,"column":8},"end":{"line":53,"column":9}},"type":"if","locations":[{"start":{"line":50,"column":8},"end":{"line":53,"column":9}},{"start":{"line":50,"column":8},"end":{"line":53,"column":9}}]},"3":{"loc":{"start":{"line":61,"column":8},"end":{"line":65,"column":9}},"type":"if","locations":[{"start":{"line":61,"column":8},"end":{"line":65,"column":9}},{"start":{"line":63,"column":15},"end":{"line":65,"column":9}}]},"4":{"loc":{"start":{"line":77,"column":15},"end":{"line":77,"column":65}},"type":"cond-expr","locations":[{"start":{"line":77,"column":29},"end":{"line":77,"column":58}},{"start":{"line":77,"column":61},"end":{"line":77,"column":65}}]},"5":{"loc":{"start":{"line":81,"column":15},"end":{"line":81,"column":59}},"type":"cond-expr","locations":[{"start":{"line":81,"column":30},"end":{"line":81,"column":43}},{"start":{"line":81,"column":46},"end":{"line":81,"column":59}}]}},"s":{"0":2,"1":2,"2":2,"3":12,"4":2,"5":2,"6":2,"7":3,"8":2,"9":2,"10":1,"11":1,"12":2,"13":2,"14":2,"15":1,"16":1,"17":2,"18":2,"19":4,"20":4,"21":4,"22":3,"23":2,"24":2,"25":2,"26":2,"27":2,"28":2,"29":2,"30":1,"31":12,"32":11,"33":1,"34":1,"35":12,"36":11,"37":1,"38":1,"39":1,"40":1,"41":2},"f":{"0":12,"1":2,"2":3,"3":2,"4":2,"5":4,"6":3,"7":2,"8":1,"9":12,"10":11,"11":12,"12":11,"13":1},"b":{"0":[7],"1":[2,1],"2":[1,1],"3":[1,1],"4":[3,1],"5":[1,2]}}
,"C:/wamp/www/sgn/sgn-bot/app/models/mafia.js": {"path":"C:/wamp/www/sgn/sgn-bot/app/models/mafia.js","statementMap":{"0":{"start":{"line":3,"column":15},"end":{"line":3,"column":41}},"1":{"start":{"line":4,"column":24},"end":{"line":4,"column":45}},"2":{"start":{"line":5,"column":15},"end":{"line":10,"column":22}},"3":{"start":{"line":14,"column":2},"end":{"line":14,"column":23}},"4":{"start":{"line":15,"column":2},"end":{"line":15,"column":21}},"5":{"start":{"line":17,"column":2},"end":{"line":17,"column":27}},"6":{"start":{"line":18,"column":2},"end":{"line":18,"column":23}},"7":{"start":{"line":19,"column":2},"end":{"line":19,"column":21}},"8":{"start":{"line":20,"column":2},"end":{"line":20,"column":18}},"9":{"start":{"line":22,"column":2},"end":{"line":22,"column":23}},"10":{"start":{"line":26,"column":2},"end":{"line":26,"column":32}},"11":{"start":{"line":31,"column":19},"end":{"line":34,"column":4}},"12":{"start":{"line":36,"column":2},"end":{"line":36,"column":18}},"13":{"start":{"line":44,"column":21},"end":{"line":44,"column":54}},"14":{"start":{"line":45,"column":17},"end":{"line":45,"column":44}},"15":{"start":{"line":46,"column":16},"end":{"line":46,"column":31}},"16":{"start":{"line":48,"column":17},"end":{"line":61,"column":4}},"17":{"start":{"line":63,"column":2},"end":{"line":63,"column":30}},"18":{"start":{"line":353,"column":0},"end":{"line":353,"column":null}}},"fnMap":{"0":{"name":"(anonymous_0)","decl":{"start":{"line":13,"column":1},"end":{"line":13,"column":2}},"loc":{"start":{"line":13,"column":31},"end":{"line":23,"column":2}}},"1":{"name":"(anonymous_1)","decl":{"start":{"line":25,"column":1},"end":{"line":25,"column":2}},"loc":{"start":{"line":25,"column":12},"end":{"line":27,"column":2}}},"2":{"name":"(anonymous_2)","decl":{"start":{"line":29,"column":1},"end":{"line":29,"column":2}},"loc":{"start":{"line":29,"column":18},"end":{"line":37,"column":2}}},"3":{"name":"(anonymous_3)","decl":{"start":{"line":39,"column":1},"end":{"line":39,"column":2}},"loc":{"start":{"line":39,"column":15},"end":{"line":41,"column":2}}},"4":{"name":"(anonymous_4)","decl":{"start":{"line":43,"column":1},"end":{"line":43,"column":2}},"loc":{"start":{"line":43,"column":24},"end":{"line":64,"column":2}}}},"branchMap":{},"s":{"0":1,"1":1,"2":1,"3":1,"4":1,"5":1,"6":1,"7":1,"8":1,"9":1,"10":2,"11":1,"12":1,"13":1,"14":1,"15":1,"16":1,"17":1,"18":1},"f":{"0":1,"1":2,"2":1,"3":0,"4":1},"b":{}}
}
