{"C:/wamp/www/sgn/sgn-bot/app/Scribe.js": {"path":"C:/wamp/www/sgn/sgn-bot/app/Scribe.js","statementMap":{"0":{"start":{"line":1,"column":105},"end":{"line":1,"column":126}},"1":{"start":{"line":5,"column":4},"end":{"line":10,"column":5}},"2":{"start":{"line":6,"column":19},"end":{"line":6,"column":37}},"3":{"start":{"line":7,"column":8},"end":{"line":7,"column":20}},"4":{"start":{"line":9,"column":8},"end":{"line":9,"column":21}},"5":{"start":{"line":14,"column":18},"end":{"line":16,"column":33}},"6":{"start":{"line":18,"column":22},"end":{"line":24,"column":27}},"7":{"start":{"line":26,"column":23},"end":{"line":31,"column":29}},"8":{"start":{"line":33,"column":24},"end":{"line":38,"column":31}},"9":{"start":{"line":40,"column":4},"end":{"line":44,"column":7}},"10":{"start":{"line":46,"column":4},"end":{"line":46,"column":17}},"11":{"start":{"line":50,"column":4},"end":{"line":58,"column":8}},"12":{"start":{"line":50,"column":34},"end":{"line":58,"column":5}},"13":{"start":{"line":62,"column":19},"end":{"line":62,"column":21}},"14":{"start":{"line":64,"column":22},"end":{"line":64,"column":71}},"15":{"start":{"line":65,"column":23},"end":{"line":65,"column":73}},"16":{"start":{"line":66,"column":25},"end":{"line":66,"column":76}},"17":{"start":{"line":68,"column":25},"end":{"line":68,"column":46}},"18":{"start":{"line":69,"column":26},"end":{"line":69,"column":49}},"19":{"start":{"line":71,"column":4},"end":{"line":71,"column":91}},"20":{"start":{"line":71,"column":38},"end":{"line":71,"column":89}},"21":{"start":{"line":72,"column":4},"end":{"line":72,"column":96}},"22":{"start":{"line":72,"column":41},"end":{"line":72,"column":94}},"23":{"start":{"line":74,"column":20},"end":{"line":74,"column":91}},"24":{"start":{"line":76,"column":4},"end":{"line":81,"column":12}},"25":{"start":{"line":77,"column":20},"end":{"line":77,"column":123}},"26":{"start":{"line":78,"column":20},"end":{"line":81,"column":10}},"27":{"start":{"line":85,"column":4},"end":{"line":92,"column":7}},"28":{"start":{"line":86,"column":8},"end":{"line":91,"column":10}},"29":{"start":{"line":96,"column":20},"end":{"line":96,"column":22}},"30":{"start":{"line":98,"column":4},"end":{"line":100,"column":5}},"31":{"start":{"line":99,"column":8},"end":{"line":99,"column":36}},"32":{"start":{"line":102,"column":4},"end":{"line":104,"column":5}},"33":{"start":{"line":103,"column":8},"end":{"line":103,"column":42}},"34":{"start":{"line":106,"column":4},"end":{"line":108,"column":5}},"35":{"start":{"line":107,"column":8},"end":{"line":107,"column":36}},"36":{"start":{"line":110,"column":4},"end":{"line":114,"column":5}},"37":{"start":{"line":111,"column":20},"end":{"line":112,"column":78}},"38":{"start":{"line":113,"column":8},"end":{"line":113,"column":35}},"39":{"start":{"line":116,"column":4},"end":{"line":118,"column":5}},"40":{"start":{"line":117,"column":8},"end":{"line":117,"column":50}},"41":{"start":{"line":120,"column":4},"end":{"line":120,"column":19}},"42":{"start":{"line":123,"column":0},"end":{"line":130,"column":null}}},"fnMap":{"0":{"name":"parseJSON","decl":{"start":{"line":4,"column":9},"end":{"line":4,"column":18}},"loc":{"start":{"line":4,"column":27},"end":{"line":11,"column":1}}},"1":{"name":"createModal","decl":{"start":{"line":13,"column":9},"end":{"line":13,"column":20}},"loc":{"start":{"line":13,"column":64},"end":{"line":47,"column":1}}},"2":{"name":"convertButtonsToObjects","decl":{"start":{"line":49,"column":9},"end":{"line":49,"column":32}},"loc":{"start":{"line":49,"column":42},"end":{"line":59,"column":1}}},"3":{"name":"(anonymous_3)","decl":{"start":{"line":50,"column":23},"end":{"line":50,"column":24}},"loc":{"start":{"line":50,"column":34},"end":{"line":58,"column":5}}},"4":{"name":"updateMessage","decl":{"start":{"line":61,"column":15},"end":{"line":61,"column":28}},"loc":{"start":{"line":61,"column":51},"end":{"line":82,"column":1}}},"5":{"name":"(anonymous_5)","decl":{"start":{"line":77,"column":14},"end":{"line":77,"column":15}},"loc":{"start":{"line":77,"column":20},"end":{"line":77,"column":123}}},"6":{"name":"(anonymous_6)","decl":{"start":{"line":78,"column":15},"end":{"line":78,"column":16}},"loc":{"start":{"line":78,"column":20},"end":{"line":81,"column":10}}},"7":{"name":"createButtons","decl":{"start":{"line":84,"column":9},"end":{"line":84,"column":22}},"loc":{"start":{"line":84,"column":32},"end":{"line":93,"column":1}}},"8":{"name":"(anonymous_8)","decl":{"start":{"line":85,"column":23},"end":{"line":85,"column":24}},"loc":{"start":{"line":86,"column":8},"end":{"line":91,"column":10}}},"9":{"name":"createMessage","decl":{"start":{"line":95,"column":9},"end":{"line":95,"column":22}},"loc":{"start":{"line":95,"column":116},"end":{"line":121,"column":1}}}},"branchMap":{"0":{"loc":{"start":{"line":57,"column":12},"end":{"line":57,"column":92}},"type":"binary-expr","locations":[{"start":{"line":57,"column":12},"end":{"line":57,"column":25}},{"start":{"line":57,"column":29},"end":{"line":57,"column":92}}]},"1":{"loc":{"start":{"line":57,"column":37},"end":{"line":57,"column":91}},"type":"cond-expr","locations":[{"start":{"line":57,"column":56},"end":{"line":57,"column":71}},{"start":{"line":57,"column":74},"end":{"line":57,"column":91}}]},"2":{"loc":{"start":{"line":71,"column":4},"end":{"line":71,"column":91}},"type":"if","locations":[{"start":{"line":71,"column":4},"end":{"line":71,"column":91}},{"start":{"line":71,"column":4},"end":{"line":71,"column":91}}]},"3":{"loc":{"start":{"line":71,"column":7},"end":{"line":71,"column":34}},"type":"binary-expr","locations":[{"start":{"line":71,"column":7},"end":{"line":71,"column":17}},{"start":{"line":71,"column":21},"end":{"line":71,"column":34}}]},"4":{"loc":{"start":{"line":72,"column":4},"end":{"line":72,"column":96}},"type":"if","locations":[{"start":{"line":72,"column":4},"end":{"line":72,"column":96}},{"start":{"line":72,"column":4},"end":{"line":72,"column":96}}]},"5":{"loc":{"start":{"line":72,"column":7},"end":{"line":72,"column":37}},"type":"binary-expr","locations":[{"start":{"line":72,"column":7},"end":{"line":72,"column":19}},{"start":{"line":72,"column":23},"end":{"line":72,"column":37}}]},"6":{"loc":{"start":{"line":77,"column":48},"end":{"line":77,"column":104}},"type":"cond-expr","locations":[{"start":{"line":77,"column":64},"end":{"line":77,"column":83}},{"start":{"line":77,"column":86},"end":{"line":77,"column":104}}]},"7":{"loc":{"start":{"line":90,"column":16},"end":{"line":90,"column":54}},"type":"binary-expr","locations":[{"start":{"line":90,"column":16},"end":{"line":90,"column":29}},{"start":{"line":90,"column":33},"end":{"line":90,"column":54}}]},"8":{"loc":{"start":{"line":95,"column":23},"end":{"line":95,"column":114}},"type":"default-arg","locations":[{"start":{"line":95,"column":112},"end":{"line":95,"column":114}}]},"9":{"loc":{"start":{"line":95,"column":24},"end":{"line":95,"column":41}},"type":"default-arg","locations":[{"start":{"line":95,"column":36},"end":{"line":95,"column":41}}]},"10":{"loc":{"start":{"line":95,"column":43},"end":{"line":95,"column":66}},"type":"default-arg","locations":[{"start":{"line":95,"column":61},"end":{"line":95,"column":66}}]},"11":{"loc":{"start":{"line":95,"column":68},"end":{"line":95,"column":86}},"type":"default-arg","locations":[{"start":{"line":95,"column":81},"end":{"line":95,"column":86}}]},"12":{"loc":{"start":{"line":95,"column":88},"end":{"line":95,"column":108}},"type":"default-arg","locations":[{"start":{"line":95,"column":103},"end":{"line":95,"column":108}}]},"13":{"loc":{"start":{"line":98,"column":4},"end":{"line":100,"column":5}},"type":"if","locations":[{"start":{"line":98,"column":4},"end":{"line":100,"column":5}},{"start":{"line":98,"column":4},"end":{"line":100,"column":5}}]},"14":{"loc":{"start":{"line":102,"column":4},"end":{"line":104,"column":5}},"type":"if","locations":[{"start":{"line":102,"column":4},"end":{"line":104,"column":5}},{"start":{"line":102,"column":4},"end":{"line":104,"column":5}}]},"15":{"loc":{"start":{"line":106,"column":4},"end":{"line":108,"column":5}},"type":"if","locations":[{"start":{"line":106,"column":4},"end":{"line":108,"column":5}},{"start":{"line":106,"column":4},"end":{"line":108,"column":5}}]},"16":{"loc":{"start":{"line":110,"column":4},"end":{"line":114,"column":5}},"type":"if","locations":[{"start":{"line":110,"column":4},"end":{"line":114,"column":5}},{"start":{"line":110,"column":4},"end":{"line":114,"column":5}}]},"17":{"loc":{"start":{"line":116,"column":4},"end":{"line":118,"column":5}},"type":"if","locations":[{"start":{"line":116,"column":4},"end":{"line":118,"column":5}},{"start":{"line":116,"column":4},"end":{"line":118,"column":5}}]},"18":{"loc":{"start":{"line":116,"column":7},"end":{"line":116,"column":69}},"type":"binary-expr","locations":[{"start":{"line":116,"column":7},"end":{"line":116,"column":17}},{"start":{"line":116,"column":21},"end":{"line":116,"column":37}},{"start":{"line":116,"column":41},"end":{"line":116,"column":52}},{"start":{"line":116,"column":56},"end":{"line":116,"column":69}}]}},"s":{"0":2,"1":10,"2":10,"3":1,"4":9,"5":1,"6":1,"7":1,"8":1,"9":1,"10":1,"11":2,"12":3,"13":4,"14":4,"15":4,"16":4,"17":4,"18":4,"19":4,"20":1,"21":4,"22":1,"23":4,"24":4,"25":3,"26":1,"27":2,"28":4,"29":9,"30":9,"31":2,"32":9,"33":1,"34":9,"35":1,"36":9,"37":1,"38":1,"39":9,"40":4,"41":9,"42":2},"f":{"0":10,"1":1,"2":2,"3":3,"4":4,"5":3,"6":1,"7":2,"8":4,"9":9},"b":{"0":[3,2],"1":[1,1],"2":[1,3],"3":[4,1],"4":[1,3],"5":[4,1],"6":[2,1],"7":[4,1],"8":[1],"9":[4],"10":[8],"11":[8],"12":[8],"13":[2,7],"14":[1,8],"15":[1,8],"16":[1,8],"17":[4,5],"18":[9,7,6,5]}}
,"C:/wamp/www/sgn/sgn-bot/app/TeamChannel.js": {"path":"C:/wamp/www/sgn/sgn-bot/app/TeamChannel.js","statementMap":{"0":{"start":{"line":1,"column":59},"end":{"line":1,"column":80}},"1":{"start":{"line":6,"column":8},"end":{"line":6,"column":31}},"2":{"start":{"line":10,"column":28},"end":{"line":10,"column":90}},"3":{"start":{"line":11,"column":8},"end":{"line":11,"column":67}},"4":{"start":{"line":15,"column":8},"end":{"line":15,"column":109}},"5":{"start":{"line":16,"column":8},"end":{"line":16,"column":65}},"6":{"start":{"line":20,"column":8},"end":{"line":20,"column":106}},"7":{"start":{"line":21,"column":8},"end":{"line":21,"column":65}},"8":{"start":{"line":25,"column":8},"end":{"line":25,"column":83}},"9":{"start":{"line":29,"column":8},"end":{"line":31,"column":9}},"10":{"start":{"line":30,"column":12},"end":{"line":30,"column":32}},"11":{"start":{"line":33,"column":8},"end":{"line":33,"column":35}},"12":{"start":{"line":35,"column":28},"end":{"line":35,"column":67}},"13":{"start":{"line":36,"column":25},"end":{"line":36,"column":27}},"14":{"start":{"line":38,"column":8},"end":{"line":42,"column":11}},"15":{"start":{"line":39,"column":12},"end":{"line":41,"column":13}},"16":{"start":{"line":40,"column":16},"end":{"line":40,"column":82}},"17":{"start":{"line":44,"column":8},"end":{"line":44,"column":36}},"18":{"start":{"line":48,"column":8},"end":{"line":50,"column":9}},"19":{"start":{"line":49,"column":12},"end":{"line":49,"column":24}},"20":{"start":{"line":52,"column":27},"end":{"line":52,"column":69}},"21":{"start":{"line":53,"column":22},"end":{"line":53,"column":46}},"22":{"start":{"line":54,"column":22},"end":{"line":54,"column":57}},"23":{"start":{"line":56,"column":8},"end":{"line":56,"column":28}},"24":{"start":{"line":60,"column":22},"end":{"line":60,"column":44}},"25":{"start":{"line":61,"column":8},"end":{"line":61,"column":34}},"26":{"start":{"line":62,"column":8},"end":{"line":62,"column":24}},"27":{"start":{"line":64,"column":25},"end":{"line":64,"column":90}},"28":{"start":{"line":66,"column":22},"end":{"line":66,"column":52}},"29":{"start":{"line":67,"column":8},"end":{"line":67,"column":77}},"30":{"start":{"line":69,"column":8},"end":{"line":69,"column":40}},"31":{"start":{"line":74,"column":25},"end":{"line":74,"column":90}},"32":{"start":{"line":75,"column":22},"end":{"line":75,"column":40}},"33":{"start":{"line":76,"column":24},"end":{"line":76,"column":50}},"34":{"start":{"line":78,"column":8},"end":{"line":78,"column":38}},"35":{"start":{"line":83,"column":23},"end":{"line":83,"column":65}},"36":{"start":{"line":85,"column":4},"end":{"line":85,"column":35}},"37":{"start":{"line":93,"column":19},"end":{"line":93,"column":33}},"38":{"start":{"line":95,"column":4},"end":{"line":97,"column":5}},"39":{"start":{"line":96,"column":8},"end":{"line":96,"column":48}},"40":{"start":{"line":99,"column":26},"end":{"line":99,"column":46}},"41":{"start":{"line":101,"column":4},"end":{"line":105,"column":5}},"42":{"start":{"line":102,"column":20},"end":{"line":102,"column":30}},"43":{"start":{"line":103,"column":30},"end":{"line":103,"column":52}},"44":{"start":{"line":104,"column":8},"end":{"line":104,"column":58}},"45":{"start":{"line":109,"column":27},"end":{"line":109,"column":71}},"46":{"start":{"line":110,"column":18},"end":{"line":110,"column":20}},"47":{"start":{"line":110,"column":32},"end":{"line":110,"column":33}},"48":{"start":{"line":113,"column":4},"end":{"line":113,"column":30}},"49":{"start":{"line":117,"column":16},"end":{"line":117,"column":26}},"50":{"start":{"line":118,"column":23},"end":{"line":118,"column":37}},"51":{"start":{"line":119,"column":26},"end":{"line":119,"column":54}},"52":{"start":{"line":120,"column":27},"end":{"line":120,"column":56}},"53":{"start":{"line":121,"column":27},"end":{"line":121,"column":40}},"54":{"start":{"line":123,"column":4},"end":{"line":123,"column":27}},"55":{"start":{"line":125,"column":4},"end":{"line":125,"column":56}},"56":{"start":{"line":127,"column":4},"end":{"line":127,"column":48}},"57":{"start":{"line":131,"column":16},"end":{"line":131,"column":26}},"58":{"start":{"line":132,"column":26},"end":{"line":132,"column":48}},"59":{"start":{"line":133,"column":25},"end":{"line":133,"column":26}},"60":{"start":{"line":135,"column":4},"end":{"line":135,"column":27}},"61":{"start":{"line":137,"column":26},"end":{"line":137,"column":54}},"62":{"start":{"line":139,"column":27},"end":{"line":139,"column":56}},"63":{"start":{"line":141,"column":4},"end":{"line":143,"column":5}},"64":{"start":{"line":142,"column":8},"end":{"line":142,"column":20}},"65":{"start":{"line":145,"column":4},"end":{"line":145,"column":17}},"66":{"start":{"line":148,"column":0},"end":{"line":153,"column":null}}},"fnMap":{"0":{"name":"(anonymous_0)","decl":{"start":{"line":5,"column":4},"end":{"line":5,"column":5}},"loc":{"start":{"line":5,"column":25},"end":{"line":7,"column":5}}},"1":{"name":"(anonymous_1)","decl":{"start":{"line":9,"column":4},"end":{"line":9,"column":5}},"loc":{"start":{"line":9,"column":15},"end":{"line":12,"column":5}}},"2":{"name":"(anonymous_2)","decl":{"start":{"line":14,"column":4},"end":{"line":14,"column":5}},"loc":{"start":{"line":14,"column":28},"end":{"line":17,"column":5}}},"3":{"name":"(anonymous_3)","decl":{"start":{"line":19,"column":4},"end":{"line":19,"column":5}},"loc":{"start":{"line":19,"column":30},"end":{"line":22,"column":5}}},"4":{"name":"(anonymous_4)","decl":{"start":{"line":24,"column":4},"end":{"line":24,"column":5}},"loc":{"start":{"line":24,"column":19},"end":{"line":26,"column":5}}},"5":{"name":"(anonymous_5)","decl":{"start":{"line":28,"column":4},"end":{"line":28,"column":5}},"loc":{"start":{"line":28,"column":18},"end":{"line":45,"column":5}}},"6":{"name":"(anonymous_6)","decl":{"start":{"line":38,"column":25},"end":{"line":38,"column":26}},"loc":{"start":{"line":38,"column":47},"end":{"line":42,"column":9}}},"7":{"name":"(anonymous_7)","decl":{"start":{"line":47,"column":4},"end":{"line":47,"column":5}},"loc":{"start":{"line":47,"column":14},"end":{"line":57,"column":5}}},"8":{"name":"(anonymous_8)","decl":{"start":{"line":59,"column":4},"end":{"line":59,"column":5}},"loc":{"start":{"line":59,"column":23},"end":{"line":70,"column":5}}},"9":{"name":"(anonymous_9)","decl":{"start":{"line":73,"column":4},"end":{"line":73,"column":5}},"loc":{"start":{"line":73,"column":23},"end":{"line":79,"column":5}}},"10":{"name":"isTeamChannel","decl":{"start":{"line":82,"column":9},"end":{"line":82,"column":22}},"loc":{"start":{"line":82,"column":27},"end":{"line":86,"column":1}}},"11":{"name":"setUpCooldown","decl":{"start":{"line":92,"column":9},"end":{"line":92,"column":22}},"loc":{"start":{"line":92,"column":32},"end":{"line":106,"column":1}}},"12":{"name":"getCooldown","decl":{"start":{"line":108,"column":9},"end":{"line":108,"column":20}},"loc":{"start":{"line":108,"column":30},"end":{"line":114,"column":1}}},"13":{"name":"updateCooldown","decl":{"start":{"line":116,"column":9},"end":{"line":116,"column":23}},"loc":{"start":{"line":116,"column":33},"end":{"line":128,"column":1}}},"14":{"name":"isCooldown","decl":{"start":{"line":130,"column":9},"end":{"line":130,"column":19}},"loc":{"start":{"line":130,"column":29},"end":{"line":146,"column":1}}}},"branchMap":{"0":{"loc":{"start":{"line":14,"column":15},"end":{"line":14,"column":26}},"type":"default-arg","locations":[{"start":{"line":14,"column":22},"end":{"line":14,"column":26}}]},"1":{"loc":{"start":{"line":16,"column":8},"end":{"line":16,"column":64}},"type":"cond-expr","locations":[{"start":{"line":16,"column":15},"end":{"line":16,"column":38}},{"start":{"line":16,"column":41},"end":{"line":16,"column":64}}]},"2":{"loc":{"start":{"line":19,"column":17},"end":{"line":19,"column":28}},"type":"default-arg","locations":[{"start":{"line":19,"column":24},"end":{"line":19,"column":28}}]},"3":{"loc":{"start":{"line":21,"column":8},"end":{"line":21,"column":64}},"type":"cond-expr","locations":[{"start":{"line":21,"column":15},"end":{"line":21,"column":38}},{"start":{"line":21,"column":41},"end":{"line":21,"column":64}}]},"4":{"loc":{"start":{"line":29,"column":8},"end":{"line":31,"column":9}},"type":"if","locations":[{"start":{"line":29,"column":8},"end":{"line":31,"column":9}},{"start":{"line":29,"column":8},"end":{"line":31,"column":9}}]},"5":{"loc":{"start":{"line":39,"column":12},"end":{"line":41,"column":13}},"type":"if","locations":[{"start":{"line":39,"column":12},"end":{"line":41,"column":13}},{"start":{"line":39,"column":12},"end":{"line":41,"column":13}}]},"6":{"loc":{"start":{"line":48,"column":8},"end":{"line":50,"column":9}},"type":"if","locations":[{"start":{"line":48,"column":8},"end":{"line":50,"column":9}},{"start":{"line":48,"column":8},"end":{"line":50,"column":9}}]},"7":{"loc":{"start":{"line":67,"column":18},"end":{"line":67,"column":76}},"type":"cond-expr","locations":[{"start":{"line":67,"column":41},"end":{"line":67,"column":66}},{"start":{"line":67,"column":69},"end":{"line":67,"column":76}}]},"8":{"loc":{"start":{"line":95,"column":4},"end":{"line":97,"column":5}},"type":"if","locations":[{"start":{"line":95,"column":4},"end":{"line":97,"column":5}},{"start":{"line":95,"column":4},"end":{"line":97,"column":5}}]},"9":{"loc":{"start":{"line":101,"column":4},"end":{"line":105,"column":5}},"type":"if","locations":[{"start":{"line":101,"column":4},"end":{"line":105,"column":5}},{"start":{"line":101,"column":4},"end":{"line":105,"column":5}}]},"10":{"loc":{"start":{"line":125,"column":12},"end":{"line":125,"column":55}},"type":"cond-expr","locations":[{"start":{"line":125,"column":44},"end":{"line":125,"column":45}},{"start":{"line":125,"column":48},"end":{"line":125,"column":55}}]},"11":{"loc":{"start":{"line":141,"column":4},"end":{"line":143,"column":5}},"type":"if","locations":[{"start":{"line":141,"column":4},"end":{"line":143,"column":5}},{"start":{"line":141,"column":4},"end":{"line":143,"column":5}}]},"12":{"loc":{"start":{"line":141,"column":7},"end":{"line":141,"column":55}},"type":"binary-expr","locations":[{"start":{"line":141,"column":7},"end":{"line":141,"column":28}},{"start":{"line":141,"column":32},"end":{"line":141,"column":55}}]}},"s":{"0":1,"1":8,"2":9,"3":9,"4":1,"5":1,"6":2,"7":2,"8":1,"9":1,"10":1,"11":1,"12":1,"13":1,"14":1,"15":2,"16":1,"17":1,"18":6,"19":1,"20":5,"21":5,"22":5,"23":5,"24":6,"25":6,"26":6,"27":6,"28":6,"29":6,"30":6,"31":3,"32":3,"33":3,"34":3,"35":2,"36":2,"37":6,"38":6,"39":0,"40":6,"41":6,"42":0,"43":0,"44":0,"45":0,"46":0,"47":0,"48":0,"49":3,"50":3,"51":3,"52":3,"53":3,"54":3,"55":3,"56":3,"57":3,"58":3,"59":3,"60":3,"61":3,"62":3,"63":3,"64":1,"65":2,"66":1},"f":{"0":8,"1":9,"2":1,"3":2,"4":1,"5":1,"6":2,"7":6,"8":6,"9":3,"10":2,"11":6,"12":0,"13":3,"14":3},"b":{"0":[1],"1":[0,1],"2":[2],"3":[0,2],"4":[1,0],"5":[1,1],"6":[1,5],"7":[1,5],"8":[0,6],"9":[0,6],"10":[1,2],"11":[1,2],"12":[3,2]}}
,"C:/wamp/www/sgn/sgn-bot/app/client.js": {"path":"C:/wamp/www/sgn/sgn-bot/app/client.js","statementMap":{"0":{"start":{"line":2,"column":56},"end":{"line":2,"column":77}},"1":{"start":{"line":4,"column":15},"end":{"line":14,"column":8}},"2":{"start":{"line":16,"column":0},"end":{"line":16,"column":40}},"3":{"start":{"line":18,"column":0},"end":{"line":18,"column":null}}},"fnMap":{},"branchMap":{},"s":{"0":2,"1":2,"2":2,"3":2},"f":{},"b":{}}
,"C:/wamp/www/sgn/sgn-bot/app/mysql.js": {"path":"C:/wamp/www/sgn/sgn-bot/app/mysql.js","statementMap":{"0":{"start":{"line":2,"column":14},"end":{"line":2,"column":39}},"1":{"start":{"line":6,"column":13},"end":{"line":16,"column":2}},"2":{"start":{"line":18,"column":16},"end":{"line":27,"column":2}},"3":{"start":{"line":29,"column":0},"end":{"line":29,"column":33}}},"fnMap":{},"branchMap":{},"s":{"0":1,"1":1,"2":1,"3":1},"f":{},"b":{}}
,"C:/wamp/www/sgn/sgn-bot/app/commands/edit.js": {"path":"C:/wamp/www/sgn/sgn-bot/app/commands/edit.js","statementMap":{"0":{"start":{"line":1,"column":156},"end":{"line":1,"column":177}},"1":{"start":{"line":2,"column":64},"end":{"line":2,"column":84}},"2":{"start":{"line":4,"column":0},"end":{"line":40,"column":null}},"3":{"start":{"line":10,"column":24},"end":{"line":10,"column":49}},"4":{"start":{"line":11,"column":8},"end":{"line":11,"column":74}},"5":{"start":{"line":11,"column":65},"end":{"line":11,"column":72}},"6":{"start":{"line":13,"column":20},"end":{"line":13,"column":22}},"7":{"start":{"line":14,"column":22},"end":{"line":14,"column":24}},"8":{"start":{"line":16,"column":8},"end":{"line":19,"column":9}},"9":{"start":{"line":17,"column":12},"end":{"line":17,"column":43}},"10":{"start":{"line":18,"column":12},"end":{"line":18,"column":30}},"11":{"start":{"line":21,"column":8},"end":{"line":23,"column":9}},"12":{"start":{"line":22,"column":12},"end":{"line":22,"column":80}},"13":{"start":{"line":25,"column":22},"end":{"line":30,"column":10}},"14":{"start":{"line":32,"column":23},"end":{"line":32,"column":86}},"15":{"start":{"line":32,"column":40},"end":{"line":32,"column":86}},"16":{"start":{"line":34,"column":8},"end":{"line":36,"column":34}},"17":{"start":{"line":35,"column":35},"end":{"line":35,"column":70}},"18":{"start":{"line":38,"column":8},"end":{"line":38,"column":37}}},"fnMap":{"0":{"name":"(anonymous_0)","decl":{"start":{"line":9,"column":4},"end":{"line":9,"column":5}},"loc":{"start":{"line":9,"column":31},"end":{"line":39,"column":5}}},"1":{"name":"(anonymous_1)","decl":{"start":{"line":32,"column":23},"end":{"line":32,"column":24}},"loc":{"start":{"line":32,"column":40},"end":{"line":32,"column":86}}},"2":{"name":"(anonymous_2)","decl":{"start":{"line":35,"column":18},"end":{"line":35,"column":19}},"loc":{"start":{"line":35,"column":35},"end":{"line":35,"column":70}}}},"branchMap":{"0":{"loc":{"start":{"line":11,"column":8},"end":{"line":11,"column":74}},"type":"if","locations":[{"start":{"line":11,"column":8},"end":{"line":11,"column":74}},{"start":{"line":11,"column":8},"end":{"line":11,"column":74}}]},"1":{"loc":{"start":{"line":16,"column":8},"end":{"line":19,"column":9}},"type":"if","locations":[{"start":{"line":16,"column":8},"end":{"line":19,"column":9}},{"start":{"line":16,"column":8},"end":{"line":19,"column":9}}]},"2":{"loc":{"start":{"line":21,"column":8},"end":{"line":23,"column":9}},"type":"if","locations":[{"start":{"line":21,"column":8},"end":{"line":23,"column":9}},{"start":{"line":21,"column":8},"end":{"line":23,"column":9}}]},"3":{"loc":{"start":{"line":28,"column":24},"end":{"line":28,"column":58}},"type":"cond-expr","locations":[{"start":{"line":28,"column":32},"end":{"line":28,"column":53}},{"start":{"line":28,"column":56},"end":{"line":28,"column":58}}]},"4":{"loc":{"start":{"line":29,"column":26},"end":{"line":29,"column":71}},"type":"cond-expr","locations":[{"start":{"line":29,"column":43},"end":{"line":29,"column":66}},{"start":{"line":29,"column":69},"end":{"line":29,"column":71}}]}},"s":{"0":1,"1":1,"2":1,"3":2,"4":2,"5":1,"6":1,"7":1,"8":1,"9":0,"10":0,"11":1,"12":0,"13":1,"14":1,"15":0,"16":1,"17":1,"18":1},"f":{"0":2,"1":0,"2":1},"b":{"0":[1,1],"1":[0,1],"2":[0,1],"3":[1,0],"4":[0,1]}}
,"C:/wamp/www/sgn/sgn-bot/app/commands/hello.js": {"path":"C:/wamp/www/sgn/sgn-bot/app/commands/hello.js","statementMap":{"0":{"start":{"line":1,"column":32},"end":{"line":1,"column":53}},"1":{"start":{"line":3,"column":0},"end":{"line":10,"column":2}},"2":{"start":{"line":8,"column":2},"end":{"line":8,"column":68}}},"fnMap":{"0":{"name":"(anonymous_0)","decl":{"start":{"line":7,"column":1},"end":{"line":7,"column":2}},"loc":{"start":{"line":7,"column":28},"end":{"line":9,"column":2}}}},"branchMap":{},"s":{"0":1,"1":1,"2":1},"f":{"0":1},"b":{}}
,"C:/wamp/www/sgn/sgn-bot/app/commands/iamnick.js": {"path":"C:/wamp/www/sgn/sgn-bot/app/commands/iamnick.js","statementMap":{"0":{"start":{"line":1,"column":32},"end":{"line":1,"column":53}},"1":{"start":{"line":3,"column":0},"end":{"line":17,"column":2}},"2":{"start":{"line":9,"column":8},"end":{"line":15,"column":3}},"3":{"start":{"line":10,"column":3},"end":{"line":10,"column":43}},"4":{"start":{"line":11,"column":9},"end":{"line":15,"column":3}},"5":{"start":{"line":12,"column":3},"end":{"line":12,"column":50}},"6":{"start":{"line":14,"column":3},"end":{"line":14,"column":62}}},"fnMap":{"0":{"name":"(anonymous_0)","decl":{"start":{"line":7,"column":1},"end":{"line":7,"column":2}},"loc":{"start":{"line":7,"column":28},"end":{"line":16,"column":2}}}},"branchMap":{"0":{"loc":{"start":{"line":9,"column":8},"end":{"line":15,"column":3}},"type":"if","locations":[{"start":{"line":9,"column":8},"end":{"line":15,"column":3}},{"start":{"line":11,"column":9},"end":{"line":15,"column":3}}]},"1":{"loc":{"start":{"line":11,"column":9},"end":{"line":15,"column":3}},"type":"if","locations":[{"start":{"line":11,"column":9},"end":{"line":15,"column":3}},{"start":{"line":13,"column":9},"end":{"line":15,"column":3}}]}},"s":{"0":1,"1":1,"2":3,"3":1,"4":2,"5":1,"6":1},"f":{"0":3},"b":{"0":[1,2],"1":[1,1]}}
,"C:/wamp/www/sgn/sgn-bot/app/commands/officer.js": {"path":"C:/wamp/www/sgn/sgn-bot/app/commands/officer.js","statementMap":{"0":{"start":{"line":1,"column":75},"end":{"line":1,"column":96}},"1":{"start":{"line":3,"column":0},"end":{"line":25,"column":2}},"2":{"start":{"line":10,"column":23},"end":{"line":10,"column":47}},"3":{"start":{"line":11,"column":24},"end":{"line":11,"column":51}},"4":{"start":{"line":13,"column":8},"end":{"line":23,"column":9}},"5":{"start":{"line":14,"column":12},"end":{"line":17,"column":14}},"6":{"start":{"line":19,"column":12},"end":{"line":22,"column":14}}},"fnMap":{"0":{"name":"(anonymous_0)","decl":{"start":{"line":9,"column":1},"end":{"line":9,"column":2}},"loc":{"start":{"line":9,"column":28},"end":{"line":24,"column":2}}}},"branchMap":{"0":{"loc":{"start":{"line":13,"column":8},"end":{"line":23,"column":9}},"type":"if","locations":[{"start":{"line":13,"column":8},"end":{"line":23,"column":9}},{"start":{"line":18,"column":15},"end":{"line":23,"column":9}}]}},"s":{"0":1,"1":1,"2":2,"3":2,"4":2,"5":1,"6":1},"f":{"0":2},"b":{"0":[1,1]}}
,"C:/wamp/www/sgn/sgn-bot/app/commands/post.js": {"path":"C:/wamp/www/sgn/sgn-bot/app/commands/post.js","statementMap":{"0":{"start":{"line":1,"column":123},"end":{"line":1,"column":144}},"1":{"start":{"line":2,"column":37},"end":{"line":2,"column":57}},"2":{"start":{"line":4,"column":0},"end":{"line":57,"column":null}},"3":{"start":{"line":9,"column":12},"end":{"line":12,"column":34}},"4":{"start":{"line":15,"column":12},"end":{"line":17,"column":35}},"5":{"start":{"line":20,"column":12},"end":{"line":21,"column":61}},"6":{"start":{"line":24,"column":12},"end":{"line":25,"column":75}},"7":{"start":{"line":28,"column":12},"end":{"line":29,"column":61}},"8":{"start":{"line":33,"column":24},"end":{"line":33,"column":65}},"9":{"start":{"line":34,"column":26},"end":{"line":34,"column":63}},"10":{"start":{"line":35,"column":27},"end":{"line":35,"column":74}},"11":{"start":{"line":36,"column":27},"end":{"line":36,"column":65}},"12":{"start":{"line":37,"column":29},"end":{"line":37,"column":69}},"13":{"start":{"line":38,"column":23},"end":{"line":38,"column":25}},"14":{"start":{"line":40,"column":29},"end":{"line":40,"column":50}},"15":{"start":{"line":41,"column":30},"end":{"line":41,"column":53}},"16":{"start":{"line":43,"column":8},"end":{"line":43,"column":95}},"17":{"start":{"line":43,"column":42},"end":{"line":43,"column":93}},"18":{"start":{"line":44,"column":8},"end":{"line":44,"column":100}},"19":{"start":{"line":44,"column":45},"end":{"line":44,"column":98}},"20":{"start":{"line":46,"column":24},"end":{"line":51,"column":10}},"21":{"start":{"line":53,"column":8},"end":{"line":53,"column":30}},"22":{"start":{"line":55,"column":8},"end":{"line":55,"column":112}}},"fnMap":{"0":{"name":"(anonymous_0)","decl":{"start":{"line":8,"column":26},"end":{"line":8,"column":27}},"loc":{"start":{"line":9,"column":12},"end":{"line":12,"column":34}}},"1":{"name":"(anonymous_1)","decl":{"start":{"line":14,"column":25},"end":{"line":14,"column":26}},"loc":{"start":{"line":15,"column":12},"end":{"line":17,"column":35}}},"2":{"name":"(anonymous_2)","decl":{"start":{"line":19,"column":29},"end":{"line":19,"column":30}},"loc":{"start":{"line":20,"column":12},"end":{"line":21,"column":61}}},"3":{"name":"(anonymous_3)","decl":{"start":{"line":23,"column":25},"end":{"line":23,"column":26}},"loc":{"start":{"line":24,"column":12},"end":{"line":25,"column":75}}},"4":{"name":"(anonymous_4)","decl":{"start":{"line":27,"column":25},"end":{"line":27,"column":26}},"loc":{"start":{"line":28,"column":12},"end":{"line":29,"column":61}}},"5":{"name":"(anonymous_5)","decl":{"start":{"line":32,"column":4},"end":{"line":32,"column":5}},"loc":{"start":{"line":32,"column":31},"end":{"line":56,"column":5}}}},"branchMap":{"0":{"loc":{"start":{"line":43,"column":8},"end":{"line":43,"column":95}},"type":"if","locations":[{"start":{"line":43,"column":8},"end":{"line":43,"column":95}},{"start":{"line":43,"column":8},"end":{"line":43,"column":95}}]},"1":{"loc":{"start":{"line":43,"column":11},"end":{"line":43,"column":38}},"type":"binary-expr","locations":[{"start":{"line":43,"column":11},"end":{"line":43,"column":21}},{"start":{"line":43,"column":25},"end":{"line":43,"column":38}}]},"2":{"loc":{"start":{"line":44,"column":8},"end":{"line":44,"column":100}},"type":"if","locations":[{"start":{"line":44,"column":8},"end":{"line":44,"column":100}},{"start":{"line":44,"column":8},"end":{"line":44,"column":100}}]},"3":{"loc":{"start":{"line":44,"column":11},"end":{"line":44,"column":41}},"type":"binary-expr","locations":[{"start":{"line":44,"column":11},"end":{"line":44,"column":23}},{"start":{"line":44,"column":27},"end":{"line":44,"column":41}}]},"4":{"loc":{"start":{"line":55,"column":36},"end":{"line":55,"column":92}},"type":"cond-expr","locations":[{"start":{"line":55,"column":52},"end":{"line":55,"column":71}},{"start":{"line":55,"column":74},"end":{"line":55,"column":92}}]}},"s":{"0":1,"1":1,"2":1,"3":1,"4":1,"5":1,"6":1,"7":1,"8":2,"9":2,"10":2,"11":2,"12":2,"13":2,"14":2,"15":2,"16":2,"17":0,"18":2,"19":0,"20":2,"21":2,"22":2},"f":{"0":1,"1":1,"2":1,"3":1,"4":1,"5":2},"b":{"0":[0,2],"1":[2,1],"2":[0,2],"3":[2,0],"4":[0,2]}}
,"C:/wamp/www/sgn/sgn-bot/app/events/guildMemberAdd.js": {"path":"C:/wamp/www/sgn/sgn-bot/app/events/guildMemberAdd.js","statementMap":{"0":{"start":{"line":1,"column":19},"end":{"line":1,"column":40}},"1":{"start":{"line":2,"column":20},"end":{"line":2,"column":52}},"2":{"start":{"line":4,"column":0},"end":{"line":9,"column":null}},"3":{"start":{"line":7,"column":8},"end":{"line":7,"column":48}}},"fnMap":{"0":{"name":"(anonymous_0)","decl":{"start":{"line":6,"column":4},"end":{"line":6,"column":5}},"loc":{"start":{"line":6,"column":31},"end":{"line":8,"column":5}}}},"branchMap":{},"s":{"0":1,"1":1,"2":1,"3":0},"f":{"0":0},"b":{}}
,"C:/wamp/www/sgn/sgn-bot/app/events/voiceStateUpdate.js": {"path":"C:/wamp/www/sgn/sgn-bot/app/events/voiceStateUpdate.js","statementMap":{"0":{"start":{"line":1,"column":19},"end":{"line":1,"column":40}},"1":{"start":{"line":2,"column":37},"end":{"line":2,"column":62}},"2":{"start":{"line":4,"column":0},"end":{"line":29,"column":2}},"3":{"start":{"line":9,"column":8},"end":{"line":17,"column":9}},"4":{"start":{"line":10,"column":25},"end":{"line":10,"column":98}},"5":{"start":{"line":10,"column":78},"end":{"line":10,"column":97}},"6":{"start":{"line":11,"column":31},"end":{"line":11,"column":88}},"7":{"start":{"line":12,"column":32},"end":{"line":12,"column":59}},"8":{"start":{"line":14,"column":12},"end":{"line":16,"column":13}},"9":{"start":{"line":15,"column":16},"end":{"line":15,"column":52}},"10":{"start":{"line":20,"column":8},"end":{"line":27,"column":9}},"11":{"start":{"line":21,"column":31},"end":{"line":21,"column":88}},"12":{"start":{"line":22,"column":32},"end":{"line":22,"column":59}},"13":{"start":{"line":24,"column":12},"end":{"line":26,"column":13}},"14":{"start":{"line":25,"column":16},"end":{"line":25,"column":42}}},"fnMap":{"0":{"name":"(anonymous_0)","decl":{"start":{"line":6,"column":1},"end":{"line":6,"column":2}},"loc":{"start":{"line":6,"column":35},"end":{"line":28,"column":2}}},"1":{"name":"(anonymous_1)","decl":{"start":{"line":10,"column":66},"end":{"line":10,"column":67}},"loc":{"start":{"line":10,"column":78},"end":{"line":10,"column":97}}}},"branchMap":{"0":{"loc":{"start":{"line":9,"column":8},"end":{"line":17,"column":9}},"type":"if","locations":[{"start":{"line":9,"column":8},"end":{"line":17,"column":9}},{"start":{"line":9,"column":8},"end":{"line":17,"column":9}}]},"1":{"loc":{"start":{"line":9,"column":11},"end":{"line":9,"column":66}},"type":"binary-expr","locations":[{"start":{"line":9,"column":11},"end":{"line":9,"column":29}},{"start":{"line":9,"column":33},"end":{"line":9,"column":66}}]},"2":{"loc":{"start":{"line":14,"column":12},"end":{"line":16,"column":13}},"type":"if","locations":[{"start":{"line":14,"column":12},"end":{"line":16,"column":13}},{"start":{"line":14,"column":12},"end":{"line":16,"column":13}}]},"3":{"loc":{"start":{"line":14,"column":15},"end":{"line":14,"column":77}},"type":"binary-expr","locations":[{"start":{"line":14,"column":15},"end":{"line":14,"column":19}},{"start":{"line":14,"column":23},"end":{"line":14,"column":77}}]},"4":{"loc":{"start":{"line":20,"column":8},"end":{"line":27,"column":9}},"type":"if","locations":[{"start":{"line":20,"column":8},"end":{"line":27,"column":9}},{"start":{"line":20,"column":8},"end":{"line":27,"column":9}}]},"5":{"loc":{"start":{"line":20,"column":11},"end":{"line":20,"column":66}},"type":"binary-expr","locations":[{"start":{"line":20,"column":11},"end":{"line":20,"column":29}},{"start":{"line":20,"column":33},"end":{"line":20,"column":66}}]},"6":{"loc":{"start":{"line":24,"column":12},"end":{"line":26,"column":13}},"type":"if","locations":[{"start":{"line":24,"column":12},"end":{"line":26,"column":13}},{"start":{"line":24,"column":12},"end":{"line":26,"column":13}}]}},"s":{"0":1,"1":1,"2":1,"3":5,"4":3,"5":2,"6":3,"7":3,"8":3,"9":2,"10":5,"11":2,"12":2,"13":2,"14":1},"f":{"0":5,"1":2},"b":{"0":[3,2],"1":[5,3],"2":[2,1],"3":[3,2],"4":[2,3],"5":[5,2],"6":[1,1]}}
,"C:/wamp/www/sgn/sgn-bot/app/models/DiscordUser.js": {"path":"C:/wamp/www/sgn/sgn-bot/app/models/DiscordUser.js","statementMap":{"0":{"start":{"line":1,"column":17},"end":{"line":1,"column":36}},"1":{"start":{"line":5,"column":23},"end":{"line":5,"column":98}},"2":{"start":{"line":6,"column":16},"end":{"line":6,"column":20}},"3":{"start":{"line":9,"column":8},"end":{"line":9,"column":25}},"4":{"start":{"line":13,"column":28},"end":{"line":13,"column":45}},"5":{"start":{"line":27,"column":8},"end":{"line":27,"column":41}},"6":{"start":{"line":29,"column":8},"end":{"line":29,"column":27}},"7":{"start":{"line":33,"column":8},"end":{"line":44,"column":9}},"8":{"start":{"line":48,"column":26},"end":{"line":48,"column":70}},"9":{"start":{"line":50,"column":8},"end":{"line":53,"column":9}},"10":{"start":{"line":51,"column":12},"end":{"line":51,"column":67}},"11":{"start":{"line":52,"column":12},"end":{"line":52,"column":33}},"12":{"start":{"line":55,"column":8},"end":{"line":55,"column":27}},"13":{"start":{"line":59,"column":26},"end":{"line":59,"column":70}},"14":{"start":{"line":61,"column":8},"end":{"line":65,"column":9}},"15":{"start":{"line":62,"column":12},"end":{"line":62,"column":67}},"16":{"start":{"line":64,"column":12},"end":{"line":64,"column":45}},"17":{"start":{"line":67,"column":8},"end":{"line":67,"column":27}},"18":{"start":{"line":69,"column":8},"end":{"line":69,"column":27}},"19":{"start":{"line":73,"column":20},"end":{"line":73,"column":83}},"20":{"start":{"line":75,"column":24},"end":{"line":75,"column":67}},"21":{"start":{"line":77,"column":8},"end":{"line":77,"column":66}},"22":{"start":{"line":81,"column":8},"end":{"line":81,"column":60}},"23":{"start":{"line":85,"column":18},"end":{"line":85,"column":62}},"24":{"start":{"line":86,"column":8},"end":{"line":86,"column":61}},"25":{"start":{"line":87,"column":8},"end":{"line":87,"column":97}},"26":{"start":{"line":89,"column":23},"end":{"line":89,"column":47}},"27":{"start":{"line":90,"column":26},"end":{"line":90,"column":67}},"28":{"start":{"line":91,"column":8},"end":{"line":91,"column":34}},"29":{"start":{"line":93,"column":8},"end":{"line":93,"column":22}},"30":{"start":{"line":97,"column":23},"end":{"line":99,"column":10}},"31":{"start":{"line":97,"column":58},"end":{"line":97,"column":67}},"32":{"start":{"line":98,"column":12},"end":{"line":98,"column":32}},"33":{"start":{"line":101,"column":20},"end":{"line":103,"column":48}},"34":{"start":{"line":105,"column":23},"end":{"line":107,"column":10}},"35":{"start":{"line":105,"column":61},"end":{"line":105,"column":73}},"36":{"start":{"line":106,"column":12},"end":{"line":106,"column":25}},"37":{"start":{"line":109,"column":26},"end":{"line":109,"column":67}},"38":{"start":{"line":111,"column":8},"end":{"line":111,"column":23}},"39":{"start":{"line":115,"column":20},"end":{"line":117,"column":32}},"40":{"start":{"line":119,"column":8},"end":{"line":119,"column":97}},"41":{"start":{"line":124,"column":0},"end":{"line":124,"column":29}}},"fnMap":{"0":{"name":"(anonymous_0)","decl":{"start":{"line":8,"column":4},"end":{"line":8,"column":5}},"loc":{"start":{"line":8,"column":27},"end":{"line":10,"column":5}}},"1":{"name":"(anonymous_1)","decl":{"start":{"line":12,"column":4},"end":{"line":12,"column":5}},"loc":{"start":{"line":12,"column":40},"end":{"line":30,"column":5}}},"2":{"name":"(anonymous_2)","decl":{"start":{"line":32,"column":4},"end":{"line":32,"column":5}},"loc":{"start":{"line":32,"column":25},"end":{"line":45,"column":5}}},"3":{"name":"(anonymous_3)","decl":{"start":{"line":47,"column":4},"end":{"line":47,"column":5}},"loc":{"start":{"line":47,"column":43},"end":{"line":56,"column":5}}},"4":{"name":"(anonymous_4)","decl":{"start":{"line":58,"column":4},"end":{"line":58,"column":5}},"loc":{"start":{"line":58,"column":45},"end":{"line":70,"column":5}}},"5":{"name":"(anonymous_5)","decl":{"start":{"line":72,"column":4},"end":{"line":72,"column":5}},"loc":{"start":{"line":72,"column":38},"end":{"line":78,"column":5}}},"6":{"name":"(anonymous_6)","decl":{"start":{"line":80,"column":4},"end":{"line":80,"column":5}},"loc":{"start":{"line":80,"column":17},"end":{"line":82,"column":5}}},"7":{"name":"(anonymous_7)","decl":{"start":{"line":84,"column":4},"end":{"line":84,"column":5}},"loc":{"start":{"line":84,"column":19},"end":{"line":94,"column":5}}},"8":{"name":"(anonymous_8)","decl":{"start":{"line":96,"column":4},"end":{"line":96,"column":5}},"loc":{"start":{"line":96,"column":19},"end":{"line":112,"column":5}}},"9":{"name":"(anonymous_9)","decl":{"start":{"line":97,"column":53},"end":{"line":97,"column":54}},"loc":{"start":{"line":97,"column":58},"end":{"line":97,"column":67}}},"10":{"name":"(anonymous_10)","decl":{"start":{"line":97,"column":73},"end":{"line":97,"column":74}},"loc":{"start":{"line":97,"column":82},"end":{"line":99,"column":9}}},"11":{"name":"(anonymous_11)","decl":{"start":{"line":105,"column":56},"end":{"line":105,"column":57}},"loc":{"start":{"line":105,"column":61},"end":{"line":105,"column":73}}},"12":{"name":"(anonymous_12)","decl":{"start":{"line":105,"column":79},"end":{"line":105,"column":80}},"loc":{"start":{"line":105,"column":97},"end":{"line":107,"column":9}}},"13":{"name":"(anonymous_13)","decl":{"start":{"line":114,"column":4},"end":{"line":114,"column":5}},"loc":{"start":{"line":114,"column":24},"end":{"line":120,"column":5}}}},"branchMap":{"0":{"loc":{"start":{"line":8,"column":16},"end":{"line":8,"column":25}},"type":"default-arg","locations":[{"start":{"line":8,"column":23},"end":{"line":8,"column":25}}]},"1":{"loc":{"start":{"line":41,"column":22},"end":{"line":41,"column":92}},"type":"cond-expr","locations":[{"start":{"line":41,"column":53},"end":{"line":41,"column":80}},{"start":{"line":41,"column":83},"end":{"line":41,"column":92}}]},"2":{"loc":{"start":{"line":50,"column":8},"end":{"line":53,"column":9}},"type":"if","locations":[{"start":{"line":50,"column":8},"end":{"line":53,"column":9}},{"start":{"line":50,"column":8},"end":{"line":53,"column":9}}]},"3":{"loc":{"start":{"line":61,"column":8},"end":{"line":65,"column":9}},"type":"if","locations":[{"start":{"line":61,"column":8},"end":{"line":65,"column":9}},{"start":{"line":63,"column":15},"end":{"line":65,"column":9}}]},"4":{"loc":{"start":{"line":77,"column":15},"end":{"line":77,"column":65}},"type":"cond-expr","locations":[{"start":{"line":77,"column":29},"end":{"line":77,"column":58}},{"start":{"line":77,"column":61},"end":{"line":77,"column":65}}]},"5":{"loc":{"start":{"line":81,"column":15},"end":{"line":81,"column":59}},"type":"cond-expr","locations":[{"start":{"line":81,"column":30},"end":{"line":81,"column":43}},{"start":{"line":81,"column":46},"end":{"line":81,"column":59}}]}},"s":{"0":2,"1":2,"2":2,"3":12,"4":2,"5":2,"6":2,"7":3,"8":2,"9":2,"10":1,"11":1,"12":2,"13":2,"14":2,"15":1,"16":1,"17":2,"18":2,"19":4,"20":4,"21":4,"22":3,"23":2,"24":2,"25":2,"26":2,"27":2,"28":2,"29":2,"30":1,"31":12,"32":11,"33":1,"34":1,"35":12,"36":11,"37":1,"38":1,"39":1,"40":1,"41":2},"f":{"0":12,"1":2,"2":3,"3":2,"4":2,"5":4,"6":3,"7":2,"8":1,"9":12,"10":11,"11":12,"12":11,"13":1},"b":{"0":[7],"1":[2,1],"2":[1,1],"3":[1,1],"4":[3,1],"5":[1,2]}}
,"C:/wamp/www/sgn/sgn-bot/app/models/mafia.js": {"path":"C:/wamp/www/sgn/sgn-bot/app/models/mafia.js","statementMap":{"0":{"start":{"line":3,"column":15},"end":{"line":3,"column":41}},"1":{"start":{"line":4,"column":24},"end":{"line":4,"column":45}},"2":{"start":{"line":5,"column":15},"end":{"line":10,"column":22}},"3":{"start":{"line":14,"column":2},"end":{"line":14,"column":23}},"4":{"start":{"line":15,"column":2},"end":{"line":15,"column":21}},"5":{"start":{"line":17,"column":2},"end":{"line":17,"column":27}},"6":{"start":{"line":18,"column":2},"end":{"line":18,"column":23}},"7":{"start":{"line":19,"column":2},"end":{"line":19,"column":21}},"8":{"start":{"line":20,"column":2},"end":{"line":20,"column":18}},"9":{"start":{"line":22,"column":2},"end":{"line":22,"column":23}},"10":{"start":{"line":26,"column":2},"end":{"line":26,"column":32}},"11":{"start":{"line":31,"column":19},"end":{"line":34,"column":4}},"12":{"start":{"line":36,"column":2},"end":{"line":36,"column":18}},"13":{"start":{"line":44,"column":21},"end":{"line":44,"column":54}},"14":{"start":{"line":45,"column":17},"end":{"line":45,"column":44}},"15":{"start":{"line":46,"column":16},"end":{"line":46,"column":31}},"16":{"start":{"line":48,"column":17},"end":{"line":61,"column":4}},"17":{"start":{"line":63,"column":2},"end":{"line":63,"column":30}},"18":{"start":{"line":353,"column":0},"end":{"line":353,"column":null}}},"fnMap":{"0":{"name":"(anonymous_0)","decl":{"start":{"line":13,"column":1},"end":{"line":13,"column":2}},"loc":{"start":{"line":13,"column":31},"end":{"line":23,"column":2}}},"1":{"name":"(anonymous_1)","decl":{"start":{"line":25,"column":1},"end":{"line":25,"column":2}},"loc":{"start":{"line":25,"column":12},"end":{"line":27,"column":2}}},"2":{"name":"(anonymous_2)","decl":{"start":{"line":29,"column":1},"end":{"line":29,"column":2}},"loc":{"start":{"line":29,"column":18},"end":{"line":37,"column":2}}},"3":{"name":"(anonymous_3)","decl":{"start":{"line":39,"column":1},"end":{"line":39,"column":2}},"loc":{"start":{"line":39,"column":15},"end":{"line":41,"column":2}}},"4":{"name":"(anonymous_4)","decl":{"start":{"line":43,"column":1},"end":{"line":43,"column":2}},"loc":{"start":{"line":43,"column":24},"end":{"line":64,"column":2}}}},"branchMap":{},"s":{"0":1,"1":1,"2":1,"3":1,"4":1,"5":1,"6":1,"7":1,"8":1,"9":1,"10":2,"11":1,"12":1,"13":1,"14":1,"15":1,"16":1,"17":1,"18":1},"f":{"0":1,"1":2,"2":1,"3":0,"4":1},"b":{}}
}
